<?xml version="1.0" encoding="UTF-8"?>
<!-- Generated by org.testng.reporters.JUnitReportReporter -->
<testsuite skipped="0" hostname="vijay-PC" name="webdriver_TestNG.AssertionCammand" tests="1" failures="0" timestamp="15 Jun 2018 17:32:33 GMT" time="0.060" errors="0">
  <testcase name="f" time="0.060" classname="webdriver_TestNG.AssertionCammand"/>
</testsuite> <!-- webdriver_TestNG.AssertionCammand -->
